<?xml version="1.0" encoding="UTF-8"?>
<testsuite xmlns:xsi="http://www.w3.org/2001/XMLSchema-instance" xsi:noNamespaceSchemaLocation="https://maven.apache.org/surefire/maven-surefire-plugin/xsd/surefire-test-report.xsd" name="com.thatsdarlingmama.AppTest" time="15.438" tests="109" errors="0" skipped="0" failures="0">
  <properties>
    <property name="java.specification.version" value="17"/>
    <property name="sun.jnu.encoding" value="UTF-8"/>
    <property name="java.class.path" value="/home/ryan/QuantumJava/QuantumJava/QuantumJava/target/test-classes:/home/ryan/QuantumJava/QuantumJava/QuantumJava/target/classes:/home/ryan/.m2/repository/org/junit/jupiter/junit-jupiter/5.8.2/junit-jupiter-5.8.2.jar:/home/ryan/.m2/repository/org/junit/jupiter/junit-jupiter-api/5.8.2/junit-jupiter-api-5.8.2.jar:/home/ryan/.m2/repository/org/opentest4j/opentest4j/1.2.0/opentest4j-1.2.0.jar:/home/ryan/.m2/repository/org/junit/platform/junit-platform-commons/1.8.2/junit-platform-commons-1.8.2.jar:/home/ryan/.m2/repository/org/apiguardian/apiguardian-api/1.1.2/apiguardian-api-1.1.2.jar:/home/ryan/.m2/repository/org/junit/jupiter/junit-jupiter-params/5.8.2/junit-jupiter-params-5.8.2.jar:/home/ryan/.m2/repository/org/junit/jupiter/junit-jupiter-engine/5.8.2/junit-jupiter-engine-5.8.2.jar:/home/ryan/.m2/repository/org/junit/platform/junit-platform-engine/1.8.2/junit-platform-engine-1.8.2.jar:/home/ryan/.m2/repository/org/openquantumsafe/liboqs-java/1.0/liboqs-java-1.0.jar:/home/ryan/.m2/repository/org/apache/maven/plugins/maven-compiler-plugin/3.8.1/maven-compiler-plugin-3.8.1.jar:/home/ryan/.m2/repository/org/apache/maven/maven-plugin-api/3.0/maven-plugin-api-3.0.jar:/home/ryan/.m2/repository/org/apache/maven/maven-model/3.0/maven-model-3.0.jar:/home/ryan/.m2/repository/org/sonatype/sisu/sisu-inject-plexus/1.4.2/sisu-inject-plexus-1.4.2.jar:/home/ryan/.m2/repository/org/sonatype/sisu/sisu-inject-bean/1.4.2/sisu-inject-bean-1.4.2.jar:/home/ryan/.m2/repository/org/sonatype/sisu/sisu-guice/2.1.7/sisu-guice-2.1.7-noaop.jar:/home/ryan/.m2/repository/org/apache/maven/maven-artifact/3.0/maven-artifact-3.0.jar:/home/ryan/.m2/repository/org/apache/maven/maven-core/3.0/maven-core-3.0.jar:/home/ryan/.m2/repository/org/apache/maven/maven-settings/3.0/maven-settings-3.0.jar:/home/ryan/.m2/repository/org/apache/maven/maven-settings-builder/3.0/maven-settings-builder-3.0.jar:/home/ryan/.m2/repository/org/apache/maven/maven-repository-metadata/3.0/maven-repository-metadata-3.0.jar:/home/ryan/.m2/repository/org/apache/maven/maven-model-builder/3.0/maven-model-builder-3.0.jar:/home/ryan/.m2/repository/org/apache/maven/maven-aether-provider/3.0/maven-aether-provider-3.0.jar:/home/ryan/.m2/repository/org/sonatype/aether/aether-impl/1.7/aether-impl-1.7.jar:/home/ryan/.m2/repository/org/sonatype/aether/aether-spi/1.7/aether-spi-1.7.jar:/home/ryan/.m2/repository/org/sonatype/aether/aether-api/1.7/aether-api-1.7.jar:/home/ryan/.m2/repository/org/sonatype/aether/aether-util/1.7/aether-util-1.7.jar:/home/ryan/.m2/repository/org/codehaus/plexus/plexus-interpolation/1.14/plexus-interpolation-1.14.jar:/home/ryan/.m2/repository/org/codehaus/plexus/plexus-classworlds/2.2.3/plexus-classworlds-2.2.3.jar:/home/ryan/.m2/repository/org/codehaus/plexus/plexus-component-annotations/1.5.5/plexus-component-annotations-1.5.5.jar:/home/ryan/.m2/repository/org/sonatype/plexus/plexus-sec-dispatcher/1.3/plexus-sec-dispatcher-1.3.jar:/home/ryan/.m2/repository/org/sonatype/plexus/plexus-cipher/1.4/plexus-cipher-1.4.jar:/home/ryan/.m2/repository/org/apache/maven/shared/maven-shared-utils/3.2.1/maven-shared-utils-3.2.1.jar:/home/ryan/.m2/repository/commons-io/commons-io/2.5/commons-io-2.5.jar:/home/ryan/.m2/repository/org/apache/maven/shared/maven-shared-incremental/1.1/maven-shared-incremental-1.1.jar:/home/ryan/.m2/repository/org/codehaus/plexus/plexus-java/0.9.10/plexus-java-0.9.10.jar:/home/ryan/.m2/repository/org/ow2/asm/asm/6.2/asm-6.2.jar:/home/ryan/.m2/repository/com/thoughtworks/qdox/qdox/2.0-M8/qdox-2.0-M8.jar:/home/ryan/.m2/repository/org/codehaus/plexus/plexus-compiler-api/2.8.4/plexus-compiler-api-2.8.4.jar:/home/ryan/.m2/repository/org/codehaus/plexus/plexus-compiler-manager/2.8.4/plexus-compiler-manager-2.8.4.jar:/home/ryan/.m2/repository/org/codehaus/plexus/plexus-compiler-javac/2.8.4/plexus-compiler-javac-2.8.4.jar:/home/ryan/.m2/repository/org/apache/maven/plugins/maven-jar-plugin/3.2.0/maven-jar-plugin-3.2.0.jar:/home/ryan/.m2/repository/org/apache/maven/shared/file-management/3.0.0/file-management-3.0.0.jar:/home/ryan/.m2/repository/org/apache/maven/shared/maven-shared-io/3.0.0/maven-shared-io-3.0.0.jar:/home/ryan/.m2/repository/org/apache/maven/maven-compat/3.0/maven-compat-3.0.jar:/home/ryan/.m2/repository/org/apache/maven/wagon/wagon-provider-api/2.10/wagon-provider-api-2.10.jar:/home/ryan/.m2/repository/org/apache/maven/maven-archiver/3.5.0/maven-archiver-3.5.0.jar:/home/ryan/.m2/repository/org/codehaus/plexus/plexus-archiver/4.2.1/plexus-archiver-4.2.1.jar:/home/ryan/.m2/repository/org/codehaus/plexus/plexus-io/3.2.0/plexus-io-3.2.0.jar:/home/ryan/.m2/repository/org/apache/commons/commons-compress/1.19/commons-compress-1.19.jar:/home/ryan/.m2/repository/org/iq80/snappy/snappy/0.4/snappy-0.4.jar:/home/ryan/.m2/repository/org/tukaani/xz/1.8/xz-1.8.jar:/home/ryan/.m2/repository/org/codehaus/plexus/plexus-utils/3.3.0/plexus-utils-3.3.0.jar:"/>
    <property name="java.vm.vendor" value="Private Build"/>
    <property name="sun.arch.data.model" value="64"/>
    <property name="java.vendor.url" value="Unknown"/>
    <property name="os.name" value="Linux"/>
    <property name="java.vm.specification.version" value="17"/>
    <property name="sun.java.launcher" value="SUN_STANDARD"/>
    <property name="user.country" value="US"/>
    <property name="sun.boot.library.path" value="/usr/lib/jvm/java-17-openjdk-amd64/lib"/>
    <property name="sun.java.command" value="/home/ryan/QuantumJava/QuantumJava/QuantumJava/target/surefire/surefirebooter9586613968538141067.jar /home/ryan/QuantumJava/QuantumJava/QuantumJava/target/surefire 2022-04-15T04-45-03_055-jvmRun1 surefire8439982477232990978tmp surefire_08405231493537484023tmp"/>
    <property name="jdk.debug" value="release"/>
    <property name="surefire.test.class.path" value="/home/ryan/QuantumJava/QuantumJava/QuantumJava/target/test-classes:/home/ryan/QuantumJava/QuantumJava/QuantumJava/target/classes:/home/ryan/.m2/repository/org/junit/jupiter/junit-jupiter/5.8.2/junit-jupiter-5.8.2.jar:/home/ryan/.m2/repository/org/junit/jupiter/junit-jupiter-api/5.8.2/junit-jupiter-api-5.8.2.jar:/home/ryan/.m2/repository/org/opentest4j/opentest4j/1.2.0/opentest4j-1.2.0.jar:/home/ryan/.m2/repository/org/junit/platform/junit-platform-commons/1.8.2/junit-platform-commons-1.8.2.jar:/home/ryan/.m2/repository/org/apiguardian/apiguardian-api/1.1.2/apiguardian-api-1.1.2.jar:/home/ryan/.m2/repository/org/junit/jupiter/junit-jupiter-params/5.8.2/junit-jupiter-params-5.8.2.jar:/home/ryan/.m2/repository/org/junit/jupiter/junit-jupiter-engine/5.8.2/junit-jupiter-engine-5.8.2.jar:/home/ryan/.m2/repository/org/junit/platform/junit-platform-engine/1.8.2/junit-platform-engine-1.8.2.jar:/home/ryan/.m2/repository/org/openquantumsafe/liboqs-java/1.0/liboqs-java-1.0.jar:/home/ryan/.m2/repository/org/apache/maven/plugins/maven-compiler-plugin/3.8.1/maven-compiler-plugin-3.8.1.jar:/home/ryan/.m2/repository/org/apache/maven/maven-plugin-api/3.0/maven-plugin-api-3.0.jar:/home/ryan/.m2/repository/org/apache/maven/maven-model/3.0/maven-model-3.0.jar:/home/ryan/.m2/repository/org/sonatype/sisu/sisu-inject-plexus/1.4.2/sisu-inject-plexus-1.4.2.jar:/home/ryan/.m2/repository/org/sonatype/sisu/sisu-inject-bean/1.4.2/sisu-inject-bean-1.4.2.jar:/home/ryan/.m2/repository/org/sonatype/sisu/sisu-guice/2.1.7/sisu-guice-2.1.7-noaop.jar:/home/ryan/.m2/repository/org/apache/maven/maven-artifact/3.0/maven-artifact-3.0.jar:/home/ryan/.m2/repository/org/apache/maven/maven-core/3.0/maven-core-3.0.jar:/home/ryan/.m2/repository/org/apache/maven/maven-settings/3.0/maven-settings-3.0.jar:/home/ryan/.m2/repository/org/apache/maven/maven-settings-builder/3.0/maven-settings-builder-3.0.jar:/home/ryan/.m2/repository/org/apache/maven/maven-repository-metadata/3.0/maven-repository-metadata-3.0.jar:/home/ryan/.m2/repository/org/apache/maven/maven-model-builder/3.0/maven-model-builder-3.0.jar:/home/ryan/.m2/repository/org/apache/maven/maven-aether-provider/3.0/maven-aether-provider-3.0.jar:/home/ryan/.m2/repository/org/sonatype/aether/aether-impl/1.7/aether-impl-1.7.jar:/home/ryan/.m2/repository/org/sonatype/aether/aether-spi/1.7/aether-spi-1.7.jar:/home/ryan/.m2/repository/org/sonatype/aether/aether-api/1.7/aether-api-1.7.jar:/home/ryan/.m2/repository/org/sonatype/aether/aether-util/1.7/aether-util-1.7.jar:/home/ryan/.m2/repository/org/codehaus/plexus/plexus-interpolation/1.14/plexus-interpolation-1.14.jar:/home/ryan/.m2/repository/org/codehaus/plexus/plexus-classworlds/2.2.3/plexus-classworlds-2.2.3.jar:/home/ryan/.m2/repository/org/codehaus/plexus/plexus-component-annotations/1.5.5/plexus-component-annotations-1.5.5.jar:/home/ryan/.m2/repository/org/sonatype/plexus/plexus-sec-dispatcher/1.3/plexus-sec-dispatcher-1.3.jar:/home/ryan/.m2/repository/org/sonatype/plexus/plexus-cipher/1.4/plexus-cipher-1.4.jar:/home/ryan/.m2/repository/org/apache/maven/shared/maven-shared-utils/3.2.1/maven-shared-utils-3.2.1.jar:/home/ryan/.m2/repository/commons-io/commons-io/2.5/commons-io-2.5.jar:/home/ryan/.m2/repository/org/apache/maven/shared/maven-shared-incremental/1.1/maven-shared-incremental-1.1.jar:/home/ryan/.m2/repository/org/codehaus/plexus/plexus-java/0.9.10/plexus-java-0.9.10.jar:/home/ryan/.m2/repository/org/ow2/asm/asm/6.2/asm-6.2.jar:/home/ryan/.m2/repository/com/thoughtworks/qdox/qdox/2.0-M8/qdox-2.0-M8.jar:/home/ryan/.m2/repository/org/codehaus/plexus/plexus-compiler-api/2.8.4/plexus-compiler-api-2.8.4.jar:/home/ryan/.m2/repository/org/codehaus/plexus/plexus-compiler-manager/2.8.4/plexus-compiler-manager-2.8.4.jar:/home/ryan/.m2/repository/org/codehaus/plexus/plexus-compiler-javac/2.8.4/plexus-compiler-javac-2.8.4.jar:/home/ryan/.m2/repository/org/apache/maven/plugins/maven-jar-plugin/3.2.0/maven-jar-plugin-3.2.0.jar:/home/ryan/.m2/repository/org/apache/maven/shared/file-management/3.0.0/file-management-3.0.0.jar:/home/ryan/.m2/repository/org/apache/maven/shared/maven-shared-io/3.0.0/maven-shared-io-3.0.0.jar:/home/ryan/.m2/repository/org/apache/maven/maven-compat/3.0/maven-compat-3.0.jar:/home/ryan/.m2/repository/org/apache/maven/wagon/wagon-provider-api/2.10/wagon-provider-api-2.10.jar:/home/ryan/.m2/repository/org/apache/maven/maven-archiver/3.5.0/maven-archiver-3.5.0.jar:/home/ryan/.m2/repository/org/codehaus/plexus/plexus-archiver/4.2.1/plexus-archiver-4.2.1.jar:/home/ryan/.m2/repository/org/codehaus/plexus/plexus-io/3.2.0/plexus-io-3.2.0.jar:/home/ryan/.m2/repository/org/apache/commons/commons-compress/1.19/commons-compress-1.19.jar:/home/ryan/.m2/repository/org/iq80/snappy/snappy/0.4/snappy-0.4.jar:/home/ryan/.m2/repository/org/tukaani/xz/1.8/xz-1.8.jar:/home/ryan/.m2/repository/org/codehaus/plexus/plexus-utils/3.3.0/plexus-utils-3.3.0.jar:"/>
    <property name="sun.cpu.endian" value="little"/>
    <property name="user.home" value="/home/ryan"/>
    <property name="user.language" value="en"/>
    <property name="java.specification.vendor" value="Oracle Corporation"/>
    <property name="java.version.date" value="2022-01-18"/>
    <property name="java.home" value="/usr/lib/jvm/java-17-openjdk-amd64"/>
    <property name="file.separator" value="/"/>
    <property name="basedir" value="/home/ryan/QuantumJava/QuantumJava/QuantumJava"/>
    <property name="java.vm.compressedOopsMode" value="Zero based"/>
    <property name="line.separator" value="&#10;"/>
    <property name="java.vm.specification.vendor" value="Oracle Corporation"/>
    <property name="java.specification.name" value="Java Platform API Specification"/>
    <property name="surefire.real.class.path" value="/home/ryan/QuantumJava/QuantumJava/QuantumJava/target/surefire/surefirebooter9586613968538141067.jar"/>
    <property name="sun.management.compiler" value="HotSpot 64-Bit Tiered Compilers"/>
    <property name="java.runtime.version" value="17.0.2+8-Ubuntu-1"/>
    <property name="user.name" value="ryan"/>
    <property name="path.separator" value=":"/>
    <property name="os.version" value="5.15.0-25-generic"/>
    <property name="java.runtime.name" value="OpenJDK Runtime Environment"/>
    <property name="file.encoding" value="UTF-8"/>
    <property name="java.vm.name" value="OpenJDK 64-Bit Server VM"/>
    <property name="localRepository" value="/home/ryan/.m2/repository"/>
    <property name="java.vendor.url.bug" value="Unknown"/>
    <property name="java.io.tmpdir" value="/tmp"/>
    <property name="java.version" value="17.0.2"/>
    <property name="user.dir" value="/home/ryan/QuantumJava/QuantumJava/QuantumJava"/>
    <property name="os.arch" value="amd64"/>
    <property name="java.vm.specification.name" value="Java Virtual Machine Specification"/>
    <property name="native.encoding" value="UTF-8"/>
    <property name="java.library.path" value="/usr/java/packages/lib:/usr/lib/x86_64-linux-gnu/jni:/lib/x86_64-linux-gnu:/usr/lib/x86_64-linux-gnu:/usr/lib/jni:/lib:/usr/lib"/>
    <property name="java.vm.info" value="mixed mode, sharing"/>
    <property name="java.vendor" value="Private Build"/>
    <property name="java.vm.version" value="17.0.2+8-Ubuntu-1"/>
    <property name="sun.io.unicode.encoding" value="UnicodeLittle"/>
    <property name="java.class.version" value="61.0"/>
  </properties>
  <testcase name="TestAllSignatures{String}[1]" classname="com.thatsdarlingmama.AppTest" time="0.035"/>
  <testcase name="TestAllSignatures{String}[2]" classname="com.thatsdarlingmama.AppTest" time="0.001"/>
  <testcase name="TestAllSignatures{String}[3]" classname="com.thatsdarlingmama.AppTest" time="0.002"/>
  <testcase name="TestAllSignatures{String}[4]" classname="com.thatsdarlingmama.AppTest" time="0.002"/>
  <testcase name="TestAllSignatures{String}[5]" classname="com.thatsdarlingmama.AppTest" time="0.001"/>
  <testcase name="TestAllSignatures{String}[6]" classname="com.thatsdarlingmama.AppTest" time="0.001"/>
  <testcase name="TestAllSignatures{String}[7]" classname="com.thatsdarlingmama.AppTest" time="0.024"/>
  <testcase name="TestAllSignatures{String}[8]" classname="com.thatsdarlingmama.AppTest" time="0.074"/>
  <testcase name="TestAllSignatures{String}[9]" classname="com.thatsdarlingmama.AppTest" time="0.463"/>
  <testcase name="TestAllSignatures{String}[10]" classname="com.thatsdarlingmama.AppTest" time="0.508"/>
  <testcase name="TestAllSignatures{String}[11]" classname="com.thatsdarlingmama.AppTest" time="0.569"/>
  <testcase name="TestAllSignatures{String}[12]" classname="com.thatsdarlingmama.AppTest" time="0.007"/>
  <testcase name="TestAllSignatures{String}[13]" classname="com.thatsdarlingmama.AppTest" time="0.007"/>
  <testcase name="TestAllSignatures{String}[14]" classname="com.thatsdarlingmama.AppTest" time="0.163"/>
  <testcase name="TestAllSignatures{String}[15]" classname="com.thatsdarlingmama.AppTest" time="0.152"/>
  <testcase name="TestAllSignatures{String}[16]" classname="com.thatsdarlingmama.AppTest" time="0.011"/>
  <testcase name="TestAllSignatures{String}[17]" classname="com.thatsdarlingmama.AppTest" time="0.011"/>
  <testcase name="TestAllSignatures{String}[18]" classname="com.thatsdarlingmama.AppTest" time="0.25"/>
  <testcase name="TestAllSignatures{String}[19]" classname="com.thatsdarlingmama.AppTest" time="0.253"/>
  <testcase name="TestAllSignatures{String}[20]" classname="com.thatsdarlingmama.AppTest" time="0.021"/>
  <testcase name="TestAllSignatures{String}[21]" classname="com.thatsdarlingmama.AppTest" time="0.019"/>
  <testcase name="TestAllSignatures{String}[22]" classname="com.thatsdarlingmama.AppTest" time="0.247"/>
  <testcase name="TestAllSignatures{String}[23]" classname="com.thatsdarlingmama.AppTest" time="0.199"/>
  <testcase name="TestAllSignatures{String}[24]" classname="com.thatsdarlingmama.AppTest" time="0.032"/>
  <testcase name="TestAllSignatures{String}[25]" classname="com.thatsdarlingmama.AppTest" time="0.017"/>
  <testcase name="TestAllSignatures{String}[26]" classname="com.thatsdarlingmama.AppTest" time="0.51"/>
  <testcase name="TestAllSignatures{String}[27]" classname="com.thatsdarlingmama.AppTest" time="0.273"/>
  <testcase name="TestAllSignatures{String}[28]" classname="com.thatsdarlingmama.AppTest" time="0.053"/>
  <testcase name="TestAllSignatures{String}[29]" classname="com.thatsdarlingmama.AppTest" time="0.027"/>
  <testcase name="TestAllSignatures{String}[30]" classname="com.thatsdarlingmama.AppTest" time="0.874"/>
  <testcase name="TestAllSignatures{String}[31]" classname="com.thatsdarlingmama.AppTest" time="0.464"/>
  <testcase name="TestAllSignatures{String}[32]" classname="com.thatsdarlingmama.AppTest" time="0.142"/>
  <testcase name="TestAllSignatures{String}[33]" classname="com.thatsdarlingmama.AppTest" time="0.042"/>
  <testcase name="TestAllSignatures{String}[34]" classname="com.thatsdarlingmama.AppTest" time="1.242"/>
  <testcase name="TestAllSignatures{String}[35]" classname="com.thatsdarlingmama.AppTest" time="0.359"/>
  <testcase name="TestAllSignatures{String}[36]" classname="com.thatsdarlingmama.AppTest" time="0.049"/>
  <testcase name="TestAllSignatures{String}[37]" classname="com.thatsdarlingmama.AppTest" time="0.028"/>
  <testcase name="TestAllSignatures{String}[38]" classname="com.thatsdarlingmama.AppTest" time="1.125"/>
  <testcase name="TestAllSignatures{String}[39]" classname="com.thatsdarlingmama.AppTest" time="0.617"/>
  <testcase name="TestAllSignatures{String}[40]" classname="com.thatsdarlingmama.AppTest" time="0.079"/>
  <testcase name="TestAllSignatures{String}[41]" classname="com.thatsdarlingmama.AppTest" time="0.045"/>
  <testcase name="TestAllSignatures{String}[42]" classname="com.thatsdarlingmama.AppTest" time="1.82"/>
  <testcase name="TestAllSignatures{String}[43]" classname="com.thatsdarlingmama.AppTest" time="1.025"/>
  <testcase name="TestAllSignatures{String}[44]" classname="com.thatsdarlingmama.AppTest" time="0.151"/>
  <testcase name="TestAllSignatures{String}[45]" classname="com.thatsdarlingmama.AppTest" time="0.083"/>
  <testcase name="TestAllSignatures{String}[46]" classname="com.thatsdarlingmama.AppTest" time="1.474"/>
  <testcase name="TestAllSignatures{String}[47]" classname="com.thatsdarlingmama.AppTest" time="0.88"/>
  <testcase name="TestAllSignatures{String}[48]" classname="com.thatsdarlingmama.AppTest" time="0.004"/>
  <testcase name="TestAllSignatures{String}[49]" classname="com.thatsdarlingmama.AppTest" time="0.004"/>
  <testcase name="TestAllSignatures{String}[50]" classname="com.thatsdarlingmama.AppTest" time="0.002"/>
  <testcase name="TestAllSignatures{String}[51]" classname="com.thatsdarlingmama.AppTest" time="0.009"/>
  <testcase name="TestAllSignatures{String}[52]" classname="com.thatsdarlingmama.AppTest" time="0.01"/>
  <testcase name="TestAllSignatures{String}[53]" classname="com.thatsdarlingmama.AppTest" time="0.004"/>
  <testcase name="TestAllSignatures{String}[54]" classname="com.thatsdarlingmama.AppTest" time="0.014"/>
  <testcase name="TestAllSignatures{String}[55]" classname="com.thatsdarlingmama.AppTest" time="0.016"/>
  <testcase name="TestAllSignatures{String}[56]" classname="com.thatsdarlingmama.AppTest" time="0.007"/>
  <testcase name="TestAllSignatures{String}[57]" classname="com.thatsdarlingmama.AppTest" time="0.009"/>
  <testcase name="TestAllSignatures{String}[58]" classname="com.thatsdarlingmama.AppTest" time="0.018"/>
  <testcase name="TestAllSignatures{String}[59]" classname="com.thatsdarlingmama.AppTest" time="0.03"/>
  <testcase name="TestAllKeyEncapsulationMechanisms{String}[1]" classname="com.thatsdarlingmama.AppTest" time="0.007"/>
  <testcase name="TestAllKeyEncapsulationMechanisms{String}[2]" classname="com.thatsdarlingmama.AppTest" time="0.006"/>
  <testcase name="TestAllKeyEncapsulationMechanisms{String}[3]" classname="com.thatsdarlingmama.AppTest" time="0.002"/>
  <testcase name="TestAllKeyEncapsulationMechanisms{String}[4]" classname="com.thatsdarlingmama.AppTest" time="0.004"/>
  <testcase name="TestAllKeyEncapsulationMechanisms{String}[5]" classname="com.thatsdarlingmama.AppTest" time="0.005"/>
  <testcase name="TestAllKeyEncapsulationMechanisms{String}[6]" classname="com.thatsdarlingmama.AppTest" time="0.001"/>
  <testcase name="TestAllKeyEncapsulationMechanisms{String}[7]" classname="com.thatsdarlingmama.AppTest" time="0.001"/>
  <testcase name="TestAllKeyEncapsulationMechanisms{String}[8]" classname="com.thatsdarlingmama.AppTest" time="0.001"/>
  <testcase name="TestAllKeyEncapsulationMechanisms{String}[9]" classname="com.thatsdarlingmama.AppTest" time="0.001"/>
  <testcase name="TestAllKeyEncapsulationMechanisms{String}[10]" classname="com.thatsdarlingmama.AppTest" time="0.001"/>
  <testcase name="TestAllKeyEncapsulationMechanisms{String}[11]" classname="com.thatsdarlingmama.AppTest" time="0.001"/>
  <testcase name="TestAllKeyEncapsulationMechanisms{String}[12]" classname="com.thatsdarlingmama.AppTest" time="0"/>
  <testcase name="TestAllKeyEncapsulationMechanisms{String}[13]" classname="com.thatsdarlingmama.AppTest" time="0.001"/>
  <testcase name="TestAllKeyEncapsulationMechanisms{String}[14]" classname="com.thatsdarlingmama.AppTest" time="0.001"/>
  <testcase name="TestAllKeyEncapsulationMechanisms{String}[15]" classname="com.thatsdarlingmama.AppTest" time="0.009"/>
  <testcase name="TestAllKeyEncapsulationMechanisms{String}[16]" classname="com.thatsdarlingmama.AppTest" time="0.001"/>
  <testcase name="TestAllKeyEncapsulationMechanisms{String}[17]" classname="com.thatsdarlingmama.AppTest" time="0.011"/>
  <testcase name="TestAllKeyEncapsulationMechanisms{String}[18]" classname="com.thatsdarlingmama.AppTest" time="0"/>
  <testcase name="TestAllKeyEncapsulationMechanisms{String}[19]" classname="com.thatsdarlingmama.AppTest" time="0"/>
  <testcase name="TestAllKeyEncapsulationMechanisms{String}[20]" classname="com.thatsdarlingmama.AppTest" time="0.001"/>
  <testcase name="TestAllKeyEncapsulationMechanisms{String}[21]" classname="com.thatsdarlingmama.AppTest" time="0.001"/>
  <testcase name="TestAllKeyEncapsulationMechanisms{String}[22]" classname="com.thatsdarlingmama.AppTest" time="0.002"/>
  <testcase name="TestAllKeyEncapsulationMechanisms{String}[23]" classname="com.thatsdarlingmama.AppTest" time="0.002"/>
  <testcase name="TestAllKeyEncapsulationMechanisms{String}[24]" classname="com.thatsdarlingmama.AppTest" time="0.002"/>
  <testcase name="TestAllKeyEncapsulationMechanisms{String}[25]" classname="com.thatsdarlingmama.AppTest" time="0.003"/>
  <testcase name="TestAllKeyEncapsulationMechanisms{String}[26]" classname="com.thatsdarlingmama.AppTest" time="0.001"/>
  <testcase name="TestAllKeyEncapsulationMechanisms{String}[27]" classname="com.thatsdarlingmama.AppTest" time="0.001"/>
  <testcase name="TestAllKeyEncapsulationMechanisms{String}[28]" classname="com.thatsdarlingmama.AppTest" time="0.001"/>
  <testcase name="TestAllKeyEncapsulationMechanisms{String}[29]" classname="com.thatsdarlingmama.AppTest" time="0.004"/>
  <testcase name="TestAllKeyEncapsulationMechanisms{String}[30]" classname="com.thatsdarlingmama.AppTest" time="0.008"/>
  <testcase name="TestAllKeyEncapsulationMechanisms{String}[31]" classname="com.thatsdarlingmama.AppTest" time="0.007"/>
  <testcase name="TestAllKeyEncapsulationMechanisms{String}[32]" classname="com.thatsdarlingmama.AppTest" time="0.016"/>
  <testcase name="TestAllKeyEncapsulationMechanisms{String}[33]" classname="com.thatsdarlingmama.AppTest" time="0.011"/>
  <testcase name="TestAllKeyEncapsulationMechanisms{String}[34]" classname="com.thatsdarlingmama.AppTest" time="0.027"/>
  <testcase name="TestAllKeyEncapsulationMechanisms{String}[35]" classname="com.thatsdarlingmama.AppTest" time="0.014"/>
  <testcase name="TestAllKeyEncapsulationMechanisms{String}[36]" classname="com.thatsdarlingmama.AppTest" time="0.019"/>
  <testcase name="TestAllKeyEncapsulationMechanisms{String}[37]" classname="com.thatsdarlingmama.AppTest" time="0.035"/>
  <testcase name="TestAllKeyEncapsulationMechanisms{String}[38]" classname="com.thatsdarlingmama.AppTest" time="0.052"/>
  <testcase name="TestAllKeyEncapsulationMechanisms{String}[39]" classname="com.thatsdarlingmama.AppTest" time="0.02"/>
  <testcase name="TestAllKeyEncapsulationMechanisms{String}[40]" classname="com.thatsdarlingmama.AppTest" time="0.028"/>
  <testcase name="TestAllKeyEncapsulationMechanisms{String}[41]" classname="com.thatsdarlingmama.AppTest" time="0.052"/>
  <testcase name="TestAllKeyEncapsulationMechanisms{String}[42]" classname="com.thatsdarlingmama.AppTest" time="0.081"/>
  <testcase name="TestAllKeyEncapsulationMechanisms{String}[43]" classname="com.thatsdarlingmama.AppTest" time="0.017"/>
  <testcase name="TestAllKeyEncapsulationMechanisms{String}[44]" classname="com.thatsdarlingmama.AppTest" time="0.022"/>
  <testcase name="TestAllKeyEncapsulationMechanisms{String}[45]" classname="com.thatsdarlingmama.AppTest" time="0.04"/>
  <testcase name="TestAllKeyEncapsulationMechanisms{String}[46]" classname="com.thatsdarlingmama.AppTest" time="0.064"/>
  <testcase name="TestAllKeyEncapsulationMechanisms{String}[47]" classname="com.thatsdarlingmama.AppTest" time="0.024"/>
  <testcase name="TestAllKeyEncapsulationMechanisms{String}[48]" classname="com.thatsdarlingmama.AppTest" time="0.032"/>
  <testcase name="TestAllKeyEncapsulationMechanisms{String}[49]" classname="com.thatsdarlingmama.AppTest" time="0.057"/>
  <testcase name="TestAllKeyEncapsulationMechanisms{String}[50]" classname="com.thatsdarlingmama.AppTest" time="0.092"/>
</testsuite>